@!@!@STARTMSG 2262:0 @!@!@
TLC2 Version 2.18 of Day Month 20?? (rev: 0f8fdd5)
@!@!@ENDMSG 2262 @!@!@
@!@!@STARTMSG 2187:0 @!@!@
Running breadth-first search Model-Checking with fp 127 and seed -7930425248500567175 with 1 worker on 8 cores with 3641MB heap and 64MB offheap memory [pid: 61952] (Mac OS X 13.1 aarch64, Eclipse Adoptium 17.0.7 x86_64, MSBDiskFPSet, DiskStateQueue).
@!@!@ENDMSG 2187 @!@!@
@!@!@STARTMSG 2220:0 @!@!@
Starting SANY...
@!@!@ENDMSG 2220 @!@!@
Parsing file /Users/aaronlelevier/Documents/github/tlaplus/aaron/specs/LCRSync.tla
Parsing file /private/var/folders/2z/8556q0751bxbdpc1k3nhdpsm0000gn/T/tlc-8443199866698930367/Integers.tla (jar:file:/Users/aaronlelevier/.vscode/extensions/alygin.vscode-tlaplus-nightly-2023.4.3006/tools/tla2tools.jar!/tla2sany/StandardModules/Integers.tla)
Parsing file /private/var/folders/2z/8556q0751bxbdpc1k3nhdpsm0000gn/T/tlc-8443199866698930367/Sequences.tla (jar:file:/Users/aaronlelevier/.vscode/extensions/alygin.vscode-tlaplus-nightly-2023.4.3006/tools/tla2tools.jar!/tla2sany/StandardModules/Sequences.tla)
Parsing file /private/var/folders/2z/8556q0751bxbdpc1k3nhdpsm0000gn/T/tlc-8443199866698930367/SequencesExt.tla (jar:file:/Users/aaronlelevier/.vscode/extensions/alygin.vscode-tlaplus-nightly-2023.4.3006/tools/CommunityModules-deps.jar!/SequencesExt.tla)
Parsing file /private/var/folders/2z/8556q0751bxbdpc1k3nhdpsm0000gn/T/tlc-8443199866698930367/Naturals.tla (jar:file:/Users/aaronlelevier/.vscode/extensions/alygin.vscode-tlaplus-nightly-2023.4.3006/tools/tla2tools.jar!/tla2sany/StandardModules/Naturals.tla)
Parsing file /private/var/folders/2z/8556q0751bxbdpc1k3nhdpsm0000gn/T/tlc-8443199866698930367/FiniteSets.tla (jar:file:/Users/aaronlelevier/.vscode/extensions/alygin.vscode-tlaplus-nightly-2023.4.3006/tools/tla2tools.jar!/tla2sany/StandardModules/FiniteSets.tla)
Parsing file /private/var/folders/2z/8556q0751bxbdpc1k3nhdpsm0000gn/T/tlc-8443199866698930367/FiniteSetsExt.tla (jar:file:/Users/aaronlelevier/.vscode/extensions/alygin.vscode-tlaplus-nightly-2023.4.3006/tools/CommunityModules-deps.jar!/FiniteSetsExt.tla)
Parsing file /private/var/folders/2z/8556q0751bxbdpc1k3nhdpsm0000gn/T/tlc-8443199866698930367/Functions.tla (jar:file:/Users/aaronlelevier/.vscode/extensions/alygin.vscode-tlaplus-nightly-2023.4.3006/tools/CommunityModules-deps.jar!/Functions.tla)
Parsing file /private/var/folders/2z/8556q0751bxbdpc1k3nhdpsm0000gn/T/tlc-8443199866698930367/Folds.tla (jar:file:/Users/aaronlelevier/.vscode/extensions/alygin.vscode-tlaplus-nightly-2023.4.3006/tools/CommunityModules-deps.jar!/Folds.tla)
Parsing file /private/var/folders/2z/8556q0751bxbdpc1k3nhdpsm0000gn/T/tlc-8443199866698930367/TLC.tla (jar:file:/Users/aaronlelevier/.vscode/extensions/alygin.vscode-tlaplus-nightly-2023.4.3006/tools/tla2tools.jar!/tla2sany/StandardModules/TLC.tla)
Semantic processing of module Naturals
Semantic processing of module Integers
Semantic processing of module Sequences
Semantic processing of module FiniteSets
Semantic processing of module Folds
Semantic processing of module Functions
Semantic processing of module FiniteSetsExt
Semantic processing of module TLC
Semantic processing of module SequencesExt
Semantic processing of module LCRSync
@!@!@STARTMSG 2219:0 @!@!@
SANY finished.
@!@!@ENDMSG 2219 @!@!@
@!@!@STARTMSG 2185:0 @!@!@
Starting... (2023-04-30 09:40:23)
@!@!@ENDMSG 2185 @!@!@
@!@!@STARTMSG 2189:0 @!@!@
Computing initial states...
@!@!@ENDMSG 2189 @!@!@
@!@!@STARTMSG 1000:1 @!@!@
@!@!@STARTMSG 2280:0 @!@!@
In evaluation, the identifier pState is either undefined or not an operator.
line 36, col 18 to line 36, col 23 of module LCRSync
@!@!@ENDMSG 2280 @!@!@
@!@!@ENDMSG 1000 @!@!@
@!@!@STARTMSG 2147:1 @!@!@
TLC was unable to fingerprint.

Fingerprint Stack Trace:
0. Line 61, column 5 to line 65, column 37 in LCRSync
1. Line 61, column 8 to line 65, column 37 in LCRSync
2. Line 61, column 17 to line 65, column 37 in LCRSync
3. Line 62, column 21 to line 65, column 36 in LCRSync
4. Line 62, column 28 to line 62, column 31 in LCRSync
5. Line 62, column 31 to line 62, column 31 in LCRSync
6. Line 37, column 6 to line 37, column 14 in LCRSync
7. Line 37, column 10 to line 37, column 13 in LCRSync
8. Line 36, column 9 to line 36, column 24 in LCRSync
9. Line 36, column 18 to line 36, column 23 in LCRSync


Reason:
@!@!@STARTMSG 2280:0 @!@!@
In evaluation, the identifier pState is either undefined or not an operator.
line 36, col 18 to line 36, col 23 of module LCRSync
@!@!@ENDMSG 2280 @!@!@
@!@!@ENDMSG 2147 @!@!@
@!@!@STARTMSG 2201:0 @!@!@
The coverage statistics at 2023-04-30 09:40:23
@!@!@ENDMSG 2201 @!@!@
@!@!@STARTMSG 2773:0 @!@!@
<Init line 60, col 1 to line 60, col 4 of module LCRSync>: 0:0
@!@!@ENDMSG 2773 @!@!@
@!@!@STARTMSG 2221:0 @!@!@
  line 61, col 5 to line 65, col 37 of module LCRSync: 2
@!@!@ENDMSG 2221 @!@!@
@!@!@STARTMSG 2772:0 @!@!@
<Send line 68, col 1 to line 68, col 4 of module LCRSync>: 0:0
@!@!@ENDMSG 2772 @!@!@
@!@!@STARTMSG 2772:0 @!@!@
<Done line 73, col 1 to line 73, col 4 of module LCRSync (74 18 74 44)>: 0:0
@!@!@ENDMSG 2772 @!@!@
@!@!@STARTMSG 2202:0 @!@!@
End of statistics.
@!@!@ENDMSG 2202 @!@!@
@!@!@STARTMSG 2200:0 @!@!@
Progress(1) at 2023-04-30 09:40:23: 0 states generated (0 s/min), 0 distinct states found (0 ds/min), 0 states left on queue.
@!@!@ENDMSG 2200 @!@!@
@!@!@STARTMSG 2199:0 @!@!@
0 states generated, 0 distinct states found, 0 states left on queue.
@!@!@ENDMSG 2199 @!@!@
@!@!@STARTMSG 2194:0 @!@!@
The depth of the complete state graph search is 0.
@!@!@ENDMSG 2194 @!@!@
@!@!@STARTMSG 2186:0 @!@!@
Finished in 473ms at (2023-04-30 09:40:23)
@!@!@ENDMSG 2186 @!@!@
